nohup: ignoring input
  ✅ anime/komiku → [komiku, manga, komik]
  ✅ downloader/animexin → [animexin, anime]
  ✅ downloader/apple_music → [applemusic, apple, amdl]
  ✅ downloader/download → [download, dl, audio, mp3]
  ✅ downloader/flac → [flac, tidal]
  ✅ downloader/ig → [ig]
  ✅ downloader/ig2 → [ig2]
  ✅ downloader/kusonime → [kusonime, kuso]
  ✅ downloader/mediafire → [mediafire, mf]
  ✅ downloader/sfile → [sfile, sfiledl, sf, carisfile]
  ✅ downloader/tiktok → [tiktok, tt, vt]
  ✅ info/menu → [menu, help, list, commands]
  ✅ info/neofetch → [neofetch, neo]
  ✅ info/ping → [ping]
  ✅ media/myanimelist → [mal, myanimelist]
  ✅ media/setpp → [setpp]
  ✅ media/sticker → [s, stiker, sticker]
  ✅ tools/brat → [brat, stikerbrat, sbrat]
  ✅ tools/removebg → [removebg, rmbg, nobg]
  ✅ tools/upscale → [upscale, hd, jernih]

🚀 Total 49 commands loaded

🤖 Initializing bot with features...

📱 Using Baileys v2.3000.1035194821

━━━━━━━━━━━━━━━━━━━━━━━━━━━━━━━━━━━━━
📲 SCAN QR CODE dengan WhatsApp (Berlaku 40 detik)
⏰ Generated: 12.33.36
━━━━━━━━━━━━━━━━━━━━━━━━━━━━━━━━━━━━━

▄▄▄▄▄▄▄▄▄▄▄▄▄▄▄▄▄▄▄▄▄▄▄▄▄▄▄▄▄▄▄▄▄▄▄▄▄▄▄▄▄▄▄▄▄▄▄▄▄▄▄▄▄▄▄▄▄▄▄
█ ▄▄▄▄▄ █▄▀ ▄▄▄ ▀▀█▄ ▀▄  ▄▄█ ▄  █▀██▀ ▄█▀▄  ▀█ ▄ ██ ▄▄▄▄▄ █
█ █   █ █ █▀▄  ▄█▄  ▄██▄ ▀ █████ ██▀▀  ▀█▄ ▄ █▀▄ ██ █   █ █
█ █▄▄▄█ █▄▀▄█▄█▄▀▀▀▀ ▀▄█ █▀ ▄▄▄ ▄▀▄▀▄ ▄▄ ▀██ ▄▄▀▄██ █▄▄▄█ █
█▄▄▄▄▄▄▄█▄█▄▀▄█▄█▄█ ▀▄█ ▀▄█ █▄█ ▀ ▀ █ ▀ ▀▄█▄▀▄▀▄█ █▄▄▄▄▄▄▄█
█▄   █▀▄▀ ▀▀ █▀█▄▄██ █ ▄ ▀▀▄▄ ▄  █ ▄█▀▀▄▄▄  █▀█▄█  ██▄▄ █▄█
███ ▀██▄▄██▄▀█ ▀▀  ██ ▄▄  █▄ █▀ █▄▀█▄▄█▄▀▄▀█ ▄▀▀█▄ ▀█▀ ▄  █
█ ▀ ███▄ ▄█▀  ▄ ▀██▄▄ █▄▄▄▀█▄▀█▀ ▀ █▄▄▀▀ ██▄ █▀▄ ██ ▀▀▀ █▀█
██▄▄ █ ▄▀▄▄▀█▄██▀▄██ ▀▄█ █▀█ ▄██ ▄█████▀█ ▀▄▄█ ▀ ▀▄▄▄▀█▀▀▀█
█ ▀▄▀  ▄█▀▀▀ ▄▄▄▀ ███▄ ▀█▄█▄▄▄ ▄  ▄▀▀█▄███▄█ ▄   ▄▄█ ▀▀▄▄ █
██▄█▄▄ ▄▀  █▀▄▀▀▄██ █▄ ▄    ▀ ▄ █▀█▄█ ▀ ██ ▀▀█  ▀█ █▄▀▀██▀█
█▀▄█▀█▀▄▄▀▀█▀▀ ██  ▀██  ▀█▀▀ ▄  █▀██▄▀▄▄    ██▀▄▄ ▀█   ▄  █
█ ▄▄▄ █▄   ██  ▀▀▄▀  ▄▄▀  █▀██ █ ▄ █   ▀▀█▄██ ▄▄▄▀▀█▄▀▀██▄█
██  ▄▀█▄  ▀▄▄██▀ ▄▄▄█ ▀███▀█▀▀█▄▄▄  █   ▄▀▀▄██▀██▄ ▀██▀▄▄ █
█▀▀▄▄ ▄▄▄ ▀▀ ██▀▀▀▄▄▀▀█▄ ▀█ ▄▄▄ ▀▄▀▄██ ▄ ▄  ▀▀▀▀█ ▄▄▄ ▀▀█▀█
██ ▄█ █▄█ ▄▀▀▄▀▀▄ █▄█▄▀▀ ██ █▄█     ▀▀ █▄▀ █▄▄▀ ▄ █▄█ ▀█▀▄█
█▀▄▀▄  ▄▄ ▀██▄█▀█▄█▀█▀▀▀ ██  ▄▄▄█▀  █▄  █ ▄█▀▄▄▀█ ▄   █▄▄██
█▄▀███▀▄▄▀▀▄ ▄ ▀▄█ █▀▄ ▄▄ ▄▄██▀▀▀▀ ▄ █ █ ▄▀▀▀▀ █▀   ▀█▄▄▄ █
█  ███▄▄▄▀▄▀  █▄▄▀ █▄▀██  ▀▀██ █▄ ▀ █▀▄██   █     ▄ ▄▄ █  █
██ ▀▀ █▄██▄▀ ▄▀ ██▀ ▀█▀▀ ▄█▄██ ▄▄▀ ▄ ▄▀▀█▀██▀█▀██▄▀█ ▄ ▀███
█ ▀▀█▄ ▄▄█ ▀▄▀▀█ ▄▄▀  ▄▄▄▀▄▄ ▄▄█▀█▀█▀▄▀█ ▀▄█ ▀▀▀  █▀  ▀ █▄█
█▀▀ ▄█▄▄██▄█ ▄██  ▀█ █▄█ █▀   ▄▄█▄▄▀█▀█▄ ▀▄█ ▄ ▀ ███▀▀▄██ █
████▄▄ ▄█▀ ▀▄▄ ▀█▀█▄▄▄█ ████▄▀█ █▀██▄▀ ▀▄▄ ▀▄▄ ▀▀▀ ▀█▀▄█ ▀█
█▄▄ ▀  ▄▀██ █▀█▄▄▄▀▀▀▄ █▄ █▄▄▄█▄█▀███▀ ▄▄ ▀▀▀█▄██ █▄█▄█ ▄▄█
█ ▀ ▀▀▄▄▄█▄▄ ▀ ▄  ▀▀▀  ▄▄▀▀█▀▀▀▀ ▄▀█  ▀▄▄ ▄ ▀ █▄ ▀▄▄   █  █
███████▄█   ▄    ▄▄ ▀▀█▀█▄  ▄▄▄  █ █▀▄▀ ▀▀▄█▄█ █▀ ▄▄▄ ▄▄ ▀█
█ ▄▄▄▄▄ ██ ▄██▄▄▄▄▀▄▄▄█▄▀▄█ █▄█   ▀██ █▀ ▄▄  ▀▀▀▄ █▄█ ▄ ▀▀█
█ █   █ █▀▄ ▄▀  ▀███ ▄ ▀ ▀      ▀   █▀▄▄▄▀ ▄▀▄▀▀▄▄ ▄▄▄▀ ▀▄█
█ █▄▄▄█ █ ▄▀██▄▀   ▄▄▀▀▀█▀█ █▀█▀▄▀▀ ▀▀█▀▀█▀▄▄██▀ ▄ ▀ ▀█▄█▀█
█▄▄▄▄▄▄▄█▄▄█▄█▄▄▄▄▄█▄▄▄▄▄███▄▄███▄██▄█▄█▄▄▄▄███▄▄███▄█▄████


✨ QR code valid 40 detik - ada cukup waktu untuk scan!


━━━━━━━━━━━━━━━━━━━━━━━━━━━━━━━━━━━━━
📲 SCAN QR CODE dengan WhatsApp (Berlaku 40 detik)
⏰ Generated: 12.34.16
━━━━━━━━━━━━━━━━━━━━━━━━━━━━━━━━━━━━━

▄▄▄▄▄▄▄▄▄▄▄▄▄▄▄▄▄▄▄▄▄▄▄▄▄▄▄▄▄▄▄▄▄▄▄▄▄▄▄▄▄▄▄▄▄▄▄▄▄▄▄▄▄▄▄▄▄▄▄
█ ▄▄▄▄▄ █▄▀ ▄▄▄ ▀▀█▄ ▀▄  ▄▄█ ▄  █▀██▀ ▄█▀▄  ▀█ ▄ ██ ▄▄▄▄▄ █
█ █   █ █ █▀▄  ▄█▄  ▄██▄ ▀ █████ ██▀▀  ▀█▄ ▄ █▀▄ ██ █   █ █
█ █▄▄▄█ █▄▀▄█▄█▄▀▀▀▀ ▀▄█ █▀ ▄▄▄ ▄▀▄▀▄ ▄▄ ▀██ ▄▄▀▄██ █▄▄▄█ █
█▄▄▄▄▄▄▄█▄█▄▀▄█▄█▄█ ▀▄█ ▀▄█ █▄█ ▀ ▀ █ ▀ ▀▄█▄▀▄▀▄█ █▄▄▄▄▄▄▄█
█▄   █▀▄▀ ▀▀ █▀█▄▄██ █ ▄ ▀▀▄▄ ▄  █ ▄█▀▀▄▄▄  █▀█▄█  ██▄▄ █▄█
███ ▀██▄▄██▄▀█ ▀▀  ██ ▄▄  █▄ █▀ █▄▀█▄▄█▄▀▄▀█ ▄▀▀█▄ ▀█▀ ▄  █
█ ▀ ███▄ ▄█▀  ▄ ▀██▄▄ █▄▄▄▀█▄▀█▀ ▀ █▄▄▀▀ ██▄ █▀▄ ██ ▀▀▀ █▀█
██▄▄ █ ▄▀▄▄▀█▄██▀▄██ ▀▄█ █▀█ ▄██ ▄█████▀█ ▀▄▄█ ▀ ▀▄▄▄▀█▀▀▀█
█ ▀▄▀  ▄█▀▀▀ ▄▄▄▀ ███▄ ▀█▄█▄▄▄ ▄  ▄▀▀█▄███▄█ ▄   ▄▄█ ▀▀▄▄ █
██▄█▄▄ ▄▀  █▀▄▀▀▄██ █▄ ▄    ▀ ▄ █▀█▄█ ▀ ██ ▀▀█  ▀█ █▄▀▀██▀█
█▀▄█▀█▀▄▄▀▀█▀▀ ██  ▀██  ▀█▀▀ ▄  █▀██▄▀▄▄    ██▀▄▄ ▀█   ▄  █
█ ▄▄▄ █▄   ██  ▀▀▄▀  ▄▄▀  █▀██ █ ▄ █   ▀▀█▄██ ▄▄▄▀▀█▄▀▀██▄█
██  ▄▀█▄  ▀▄▄██▀ ▄▄▄█ ▀███▀█▀▀█▄▄▄  █   ▄▀▀▄██▀██▄ ▀██▀▄▄ █
█▀▀▄▄ ▄▄▄ ▀▀ ██▀▀▀▄▄▀▀█▄ ▀█ ▄▄▄ ▀▄▀▄██ ▄ ▄  ▀▀▀▀█ ▄▄▄ ▀▀█▀█
██ ▄█ █▄█ ▄▀▀▄▀▀▄ █▄█▄▀▀ ██ █▄█     ▀▀ █▄▀ █▄▄▀ ▄ █▄█ ▀█▀▄█
█▀▄▀▄  ▄▄ ▀██▄█▀█▄█▀█▀▀▀ ██  ▄▄▄█▀  █▄  █ ▄█▀▄▄▀█ ▄   █▄▄██
█▄▀███▀▄▄▀▀▄ ▄ ▀▄█ █▀▄ ▄▄ ▄▄██▀▀▀▀ ▄ █ █ ▄▀▀▀▀ █▀   ▀█▄▄▄ █
█  ███▄▄▄▀▄▀  █▄▄▀ █▄▀██  ▀▀██ █▄ ▀ █▀▄██   █     ▄ ▄▄ █  █
██ ▀▀ █▄██▄▀ ▄▀ ██▀ ▀█▀▀ ▄█▄██ ▄▄▀ ▄ ▄▀▀█▀██▀█▀██▄▀█ ▄ ▀███
█ ▀▀█▄ ▄▄█ ▀▄▀▀█ ▄▄▀  ▄▄▄▀▄▄ ▄▄█▀█▀█▀▄▀█ ▀▄█ ▀▀▀  █▀  ▀ █▄█
█▀▀ ▄█▄▄██▄█ ▄██  ▀█ █▄█ █▀   ▄▄█▄▄▀█▀█▄ ▀▄█ ▄ ▀ ███▀▀▄██ █
████▄▄ ▄█▀ ▀▄▄ ▀█▀█▄▄▄█ ████▄▀█ █▀██▄▀ ▀▄▄ ▀▄▄ ▀▀▀ ▀█▀▄█ ▀█
█▄▄ ▀  ▄▀██ █▀█▄▄▄▀▀▀▄ █▄ █▄▄▄█▄█▀███▀ ▄▄ ▀▀▀█▄██ █▄█▄█ ▄▄█
█ ▀ ▀▀▄▄▄█▄▄ ▀ ▄  ▀▀▀  ▄▄▀▀█▀▀▀▀ ▄▀█  ▀▄▄ ▄ ▀ █▄ ▀▄▄   █  █
███████▄█   ▄    ▄▄ ▀▀█▀█▄  ▄▄▄  █ █▀▄▀ ▀▀▄█▄█ █▀ ▄▄▄ ▄▄ ▀█
█ ▄▄▄▄▄ ██ ▄██▄▄▄▄▀▄▄▄█▄▀▄█ █▄█   ▀██ █▀ ▄▄  ▀▀▀▄ █▄█ ▄ ▀▀█
█ █   █ █▀▄ ▄▀  ▀███ ▄ ▀ ▀      ▀   █▀▄▄▄▀ ▄▀▄▀▀▄▄ ▄▄▄▀ ▀▄█
█ █▄▄▄█ █ ▄▀██▄▀   ▄▄▀▀▀█▀█ █▀█▀▄▀▀ ▀▀█▀▀█▀▄▄██▀ ▄ ▀ ▀█▄█▀█
█▄▄▄▄▄▄▄█▄▄█▄█▄▄▄▄▄█▄▄▄▄▄███▄▄███▄██▄█▄█▄▄▄▄███▄▄███▄█▄████


✨ QR code valid 40 detik - ada cukup waktu untuk scan!

❌ Connection closed: Connection Terminated
🔄 Reconnecting in 5s...
